-------------------------------------------------------------------------------
Test set: com.project.fn.NutritionApplicationTests
-------------------------------------------------------------------------------
Tests run: 1, Failures: 0, Errors: 1, Skipped: 0, Time elapsed: 5.162 s <<< FAILURE! - in com.project.fn.NutritionApplicationTests
contextLoads  Time elapsed: 0.014 s  <<< ERROR!
java.lang.IllegalStateException: Failed to load ApplicationContext for [WebMergedContextConfiguration@1f641fb7 testClass = com.project.fn.NutritionApplicationTests, locations = [], classes = [com.project.fn.NutritionApplication], contextInitializerClasses = [], activeProfiles = [], propertySourceLocations = [], propertySourceProperties = ["org.springframework.boot.test.context.SpringBootTestContextBootstrapper=true"], contextCustomizers = [org.springframework.boot.test.context.filter.ExcludeFilterContextCustomizer@3370f42, org.springframework.boot.test.json.DuplicateJsonObjectContextCustomizerFactory$DuplicateJsonObjectContextCustomizer@352c1b98, org.springframework.boot.test.mock.mockito.MockitoContextCustomizer@0, org.springframework.boot.test.web.client.TestRestTemplateContextCustomizer@225129c, org.springframework.boot.test.autoconfigure.actuate.observability.ObservabilityContextCustomizerFactory$DisableObservabilityContextCustomizer@9da1, org.springframework.boot.test.autoconfigure.properties.PropertyMappingContextCustomizer@0, org.springframework.boot.test.autoconfigure.web.servlet.WebDriverContextCustomizerFactory$Customizer@43b9fd5, org.springframework.boot.test.context.SpringBootTestAnnotation@b032529b], resourceBasePath = "src/main/webapp", contextLoader = org.springframework.boot.test.context.SpringBootContextLoader, parent = null]
Caused by: org.springframework.beans.factory.UnsatisfiedDependencyException: Error creating bean with name 'foodController': Unsatisfied dependency expressed through field 'fooo': Error creating bean with name 'foodService': Unsatisfied dependency expressed through field 'frr': Error creating bean with name 'foodRepo' defined in com.project.fn.Repo.foodRepo defined in @EnableJpaRepositories declared on JpaRepositoriesRegistrar.EnableJpaRepositoriesConfiguration: Could not create query for public abstract java.util.List com.project.fn.Repo.foodRepo.findByIdOrname(int,java.lang.String); Reason: Failed to create query for method public abstract java.util.List com.project.fn.Repo.foodRepo.findByIdOrname(int,java.lang.String); No property 'idOrname' found for type 'foodModel'
Caused by: org.springframework.beans.factory.UnsatisfiedDependencyException: Error creating bean with name 'foodService': Unsatisfied dependency expressed through field 'frr': Error creating bean with name 'foodRepo' defined in com.project.fn.Repo.foodRepo defined in @EnableJpaRepositories declared on JpaRepositoriesRegistrar.EnableJpaRepositoriesConfiguration: Could not create query for public abstract java.util.List com.project.fn.Repo.foodRepo.findByIdOrname(int,java.lang.String); Reason: Failed to create query for method public abstract java.util.List com.project.fn.Repo.foodRepo.findByIdOrname(int,java.lang.String); No property 'idOrname' found for type 'foodModel'
Caused by: org.springframework.beans.factory.BeanCreationException: Error creating bean with name 'foodRepo' defined in com.project.fn.Repo.foodRepo defined in @EnableJpaRepositories declared on JpaRepositoriesRegistrar.EnableJpaRepositoriesConfiguration: Could not create query for public abstract java.util.List com.project.fn.Repo.foodRepo.findByIdOrname(int,java.lang.String); Reason: Failed to create query for method public abstract java.util.List com.project.fn.Repo.foodRepo.findByIdOrname(int,java.lang.String); No property 'idOrname' found for type 'foodModel'
Caused by: org.springframework.data.repository.query.QueryCreationException: Could not create query for public abstract java.util.List com.project.fn.Repo.foodRepo.findByIdOrname(int,java.lang.String); Reason: Failed to create query for method public abstract java.util.List com.project.fn.Repo.foodRepo.findByIdOrname(int,java.lang.String); No property 'idOrname' found for type 'foodModel'
Caused by: java.lang.IllegalArgumentException: Failed to create query for method public abstract java.util.List com.project.fn.Repo.foodRepo.findByIdOrname(int,java.lang.String); No property 'idOrname' found for type 'foodModel'
Caused by: org.springframework.data.mapping.PropertyReferenceException: No property 'idOrname' found for type 'foodModel'

